[0.015s] Invoking command in '/home/ubuntu/softwares/finalProject/build/human_detection': CMAKE_PREFIX_PATH=${CMAKE_PREFIX_PATH}:/home/ubuntu/softwares/MRTP/MRTP/install/gazeboenvs:/opt/ros/jazzy /usr/bin/cmake --build /home/ubuntu/softwares/finalProject/build/human_detection -- -j8 -l8
[0.248s] [ 50%] [32mBuilding CXX object CMakeFiles/humanDetector.dir/src/humanDetector.cpp.o[0m
[2.413s] [01m[K/home/ubuntu/softwares/finalProject/src/human_detection/src/humanDetector.cpp:13:34:[m[K [01;31m[Kerror: [m[Kâ€˜[01m[Krclcpp_action[m[Kâ€™ does not name a type
[2.413s]    13 | using GoalHandleNavigateToPose = [01;31m[Krclcpp_action[m[K::ClientGoalHandle<NavigateToPose>;
[2.413s]       |                                  [01;31m[K^~~~~~~~~~~~~[m[K
[2.415s] [01m[K/home/ubuntu/softwares/finalProject/src/human_detection/src/humanDetector.cpp:168:39:[m[K [01;31m[Kerror: [m[Kâ€˜[01m[KGoalHandleNavigateToPose[m[Kâ€™ does not name a type
[2.415s]   168 |   void navigationResultCallback(const [01;31m[KGoalHandleNavigateToPose[m[K::WrappedResult& result)
[2.415s]       |                                       [01;31m[K^~~~~~~~~~~~~~~~~~~~~~~~[m[K
[2.415s] [01m[K/home/ubuntu/softwares/finalProject/src/human_detection/src/humanDetector.cpp:168:78:[m[K [01;31m[Kerror: [m[Kexpected unqualified-id before â€˜[01m[K&[m[Kâ€™ token
[2.415s]   168 | onResultCallback(const GoalHandleNavigateToPose::WrappedResult[01;31m[K&[m[K result)
[2.415s]       |                                                               [01;31m[K^[m[K
[2.415s] 
[2.415s] [01m[K/home/ubuntu/softwares/finalProject/src/human_detection/src/humanDetector.cpp:168:78:[m[K [01;31m[Kerror: [m[Kexpected â€˜[01m[K)[m[Kâ€™ before â€˜[01m[K&[m[Kâ€™ token
[2.415s]   168 | onResultCallback[34m[K([m[Kconst GoalHandleNavigateToPose::WrappedResult[01;31m[K&[m[K result)
[2.415s]       |                 [34m[K~[m[K                                             [01;31m[K^[m[K
[2.415s]       |                                                               [32m[K)[m[K
[2.416s] [01m[K/home/ubuntu/softwares/finalProject/src/human_detection/src/humanDetector.cpp:168:78:[m[K [01;31m[Kerror: [m[Kexpected â€˜[01m[K;[m[Kâ€™ at end of member declaration
[2.416s]   168 | onResultCallback(const GoalHandleNavigateToPose::WrappedResult[01;31m[K&[m[K result)
[2.416s]       |                                                               [01;31m[K^[m[K
[2.416s]       |                                                                [32m[K;[m[K
[2.417s] [01m[K/home/ubuntu/softwares/finalProject/src/human_detection/src/humanDetector.cpp:168:80:[m[K [01;31m[Kerror: [m[Kâ€˜[01m[Kresult[m[Kâ€™ does not name a type
[2.417s]   168 | onResultCallback(const GoalHandleNavigateToPose::WrappedResult& [01;31m[Kresult[m[K)
[2.417s]       |                                                                 [01;31m[K^~~~~~[m[K
[2.417s] 
[2.459s] [01m[K/home/ubuntu/softwares/finalProject/src/human_detection/src/humanDetector.cpp:445:3:[m[K [01;31m[Kerror: [m[Kâ€˜[01m[Krclcpp_action[m[Kâ€™ does not name a type
[2.459s]   445 |   [01;31m[Krclcpp_action[m[K::Client<NavigateToPose>::SharedPtr nav_client_;
[2.459s]       |   [01;31m[K^~~~~~~~~~~~~[m[K
[2.472s] [01m[K/home/ubuntu/softwares/finalProject/src/human_detection/src/humanDetector.cpp:[m[K In constructor â€˜[01m[KHumanDetectionController::[01;32m[KHumanDetectionController[m[K()[m[Kâ€™:
[2.472s] [01m[K/home/ubuntu/softwares/finalProject/src/human_detection/src/humanDetector.cpp:37:5:[m[K [01;31m[Kerror: [m[Kâ€˜[01m[Knav_client_[m[Kâ€™ was not declared in this scope; did you mean â€˜[01m[Krmw_client_t[m[Kâ€™?
[2.472s]    37 |     [01;31m[Knav_client_[m[K = rclcpp_action::create_client<NavigateToPose>(this, "navigate_to_pose");
[2.472s]       |     [01;31m[K^~~~~~~~~~~[m[K
[2.472s]       |     [32m[Krmw_client_t[m[K
[2.472s] [01m[K/home/ubuntu/softwares/finalProject/src/human_detection/src/humanDetector.cpp:37:19:[m[K [01;31m[Kerror: [m[Kâ€˜[01m[Krclcpp_action[m[Kâ€™ has not been declared
[2.472s]    37 |     nav_client_ = [01;31m[Krclcpp_action[m[K::create_client<NavigateToPose>(this, "navigate_to_pose");
[2.472s]       |                   [01;31m[K^~~~~~~~~~~~~[m[K
[2.472s] [01m[K/home/ubuntu/softwares/finalProject/src/human_detection/src/humanDetector.cpp:37:62:[m[K [01;31m[Kerror: [m[Kexpected primary-expression before â€˜[01m[K>[m[Kâ€™ token
[2.472s]    37 |    nav_client_ = rclcpp_action::create_client<NavigateToPose[01;31m[K>[m[K(this, "navigate_to_pose");
[2.473s]       |                                                             [01;31m[K^[m[K
[2.473s] 
[2.473s] [01m[K/home/ubuntu/softwares/finalProject/src/human_detection/src/humanDetector.cpp:37:64:[m[K [01;35m[Kwarning: [m[Kleft operand of comma operator has no effect [[01;35m[K]8;;https://gcc.gnu.org/onlinedocs/gcc/Warning-Options.html#index-Wunused-value-Wunused-value]8;;[m[K]
[2.473s]    37 |  nav_client_ = rclcpp_action::create_client<NavigateToPose>([01;35m[Kthis[m[K, "navigate_to_pose");
[2.473s]       |                                                             [01;35m[K^~~~[m[K
[2.473s] 
[2.485s] [01m[K/home/ubuntu/softwares/finalProject/src/human_detection/src/humanDetector.cpp:[m[K In member function â€˜[01m[Kvoid HumanDetectionController::[01;32m[KnavigateToHuman[m[K(size_t)[m[Kâ€™:
[2.485s] [01m[K/home/ubuntu/softwares/finalProject/src/human_detection/src/humanDetector.cpp:147:10:[m[K [01;31m[Kerror: [m[Kâ€˜[01m[Knav_client_[m[Kâ€™ was not declared in this scope; did you mean â€˜[01m[Krmw_client_t[m[Kâ€™?
[2.485s]   147 |     if (![01;31m[Knav_client_[m[K->wait_for_action_server(std::chrono::seconds(5))) {
[2.485s]       |          [01;31m[K^~~~~~~~~~~[m[K
[2.485s]       |          [32m[Krmw_client_t[m[K
[2.485s] [01m[K/home/ubuntu/softwares/finalProject/src/human_detection/src/humanDetector.cpp:161:30:[m[K [01;31m[Kerror: [m[Kâ€˜[01m[Krclcpp_action[m[Kâ€™ has not been declared
[2.485s]   161 |     auto send_goal_options = [01;31m[Krclcpp_action[m[K::Client<NavigateToPose>::SendGoalOptions();
[2.485s]       |                              [01;31m[K^~~~~~~~~~~~~[m[K
[2.485s] [01m[K/home/ubuntu/softwares/finalProject/src/human_detection/src/humanDetector.cpp:161:66:[m[K [01;31m[Kerror: [m[Kexpected primary-expression before â€˜[01m[K>[m[Kâ€™ token
[2.485s]   161 | uto send_goal_options = rclcpp_action::Client<NavigateToPose[01;31m[K>[m[K::SendGoalOptions();
[2.485s]       |                                                             [01;31m[K^[m[K
[2.486s] 
[2.490s] [01m[K/home/ubuntu/softwares/finalProject/src/human_detection/src/humanDetector.cpp:161:69:[m[K [01;31m[Kerror: [m[Kâ€˜[01m[K::SendGoalOptions[m[Kâ€™ has not been declared; did you mean â€˜[01m[Ksend_goal_options[m[Kâ€™?
[2.490s]   161 |  send_goal_options = rclcpp_action::Client<NavigateToPose>::[01;31m[KSendGoalOptions[m[K();
[2.490s]       |                                                             [01;31m[K^~~~~~~~~~~~~~~[m[K
[2.490s]       |                                                             [32m[Ksend_goal_options[m[K
[2.495s] [01m[K/home/ubuntu/softwares/finalProject/src/human_detection/src/humanDetector.cpp:165:5:[m[K [01;31m[Kerror: [m[Kâ€˜[01m[Knav_client_[m[Kâ€™ was not declared in this scope; did you mean â€˜[01m[Krmw_client_t[m[Kâ€™?
[2.495s]   165 |     [01;31m[Knav_client_[m[K->async_send_goal(goal_msg, send_goal_options);
[2.495s]       |     [01;31m[K^~~~~~~~~~~[m[K
[2.495s]       |     [32m[Krmw_client_t[m[K
[2.497s] [01m[K/home/ubuntu/softwares/finalProject/src/human_detection/src/humanDetector.cpp:[m[K In member function â€˜[01m[Kvoid HumanDetectionController::[01;32m[KnavigateToInvestigation[m[K(size_t)[m[Kâ€™:
[2.497s] [01m[K/home/ubuntu/softwares/finalProject/src/human_detection/src/humanDetector.cpp:386:30:[m[K [01;31m[Kerror: [m[Kâ€˜[01m[Krclcpp_action[m[Kâ€™ has not been declared
[2.497s]   386 |     auto send_goal_options = [01;31m[Krclcpp_action[m[K::Client<NavigateToPose>::SendGoalOptions();
[2.497s]       |                              [01;31m[K^~~~~~~~~~~~~[m[K
[2.497s] [01m[K/home/ubuntu/softwares/finalProject/src/human_detection/src/humanDetector.cpp:386:66:[m[K [01;31m[Kerror: [m[Kexpected primary-expression before â€˜[01m[K>[m[Kâ€™ token
[2.497s]   386 | uto send_goal_options = rclcpp_action::Client<NavigateToPose[01;31m[K>[m[K::SendGoalOptions();
[2.497s]       |                                                             [01;31m[K^[m[K
[2.497s] 
[2.502s] [01m[K/home/ubuntu/softwares/finalProject/src/human_detection/src/humanDetector.cpp:386:69:[m[K [01;31m[Kerror: [m[Kâ€˜[01m[K::SendGoalOptions[m[Kâ€™ has not been declared; did you mean â€˜[01m[Ksend_goal_options[m[Kâ€™?
[2.502s]   386 |  send_goal_options = rclcpp_action::Client<NavigateToPose>::[01;31m[KSendGoalOptions[m[K();
[2.502s]       |                                                             [01;31m[K^~~~~~~~~~~~~~~[m[K
[2.502s]       |                                                             [32m[Ksend_goal_options[m[K
[2.506s] [01m[K/home/ubuntu/softwares/finalProject/src/human_detection/src/humanDetector.cpp:390:5:[m[K [01;31m[Kerror: [m[Kâ€˜[01m[Knav_client_[m[Kâ€™ was not declared in this scope; did you mean â€˜[01m[Krmw_client_t[m[Kâ€™?
[2.506s]   390 |     [01;31m[Knav_client_[m[K->async_send_goal(goal_msg, send_goal_options);
[2.506s]       |     [01;31m[K^~~~~~~~~~~[m[K
[2.506s]       |     [32m[Krmw_client_t[m[K
[6.439s] gmake[2]: *** [CMakeFiles/humanDetector.dir/build.make:76: CMakeFiles/humanDetector.dir/src/humanDetector.cpp.o] Error 1
[6.439s] gmake[1]: *** [CMakeFiles/Makefile2:137: CMakeFiles/humanDetector.dir/all] Error 2
[6.440s] gmake: *** [Makefile:146: all] Error 2
[6.446s] Invoked command in '/home/ubuntu/softwares/finalProject/build/human_detection' returned '2': CMAKE_PREFIX_PATH=${CMAKE_PREFIX_PATH}:/home/ubuntu/softwares/MRTP/MRTP/install/gazeboenvs:/opt/ros/jazzy /usr/bin/cmake --build /home/ubuntu/softwares/finalProject/build/human_detection -- -j8 -l8
